2024-05-22 16:52:44,495 INFO runmanager: 

===============starting===============

2024-05-22 16:52:54,118 INFO runmanager: Engage
2024-05-22 16:52:54,118 INFO runmanager: Parsing globals...
2024-05-22 16:52:54,668 INFO runmanager: Making h5 files
2024-05-22 16:52:54,688 DEBUG runmanager: <generator object make_run_files at 0x0000017B2598E8F0>
2024-05-22 16:52:54,688 INFO runmanager: end engage
2024-05-22 16:53:14,658 INFO runmanager: Engage
2024-05-22 16:53:14,658 INFO runmanager: Parsing globals...
2024-05-22 16:53:14,658 INFO runmanager: Making h5 files
2024-05-22 16:53:14,678 DEBUG runmanager: <generator object make_run_files at 0x0000017B2598EA40>
2024-05-22 16:53:14,678 INFO runmanager: end engage
2024-05-22 16:54:56,722 INFO runmanager: Engage
2024-05-22 16:54:56,722 INFO runmanager: Parsing globals...
2024-05-22 16:54:56,722 INFO runmanager: Making h5 files
2024-05-22 16:54:56,732 DEBUG runmanager: <generator object make_run_files at 0x0000017B2598EB90>
2024-05-22 16:54:56,732 INFO runmanager: end engage
2024-05-22 16:55:07,316 INFO runmanager: Engage
2024-05-22 16:55:07,316 INFO runmanager: Parsing globals...
2024-05-22 16:55:07,316 INFO runmanager: Making h5 files
2024-05-22 16:55:07,326 DEBUG runmanager: <generator object make_run_files at 0x0000017B2598E8F0>
2024-05-22 16:55:07,326 INFO runmanager: end engage
2024-05-22 17:08:44,020 INFO runmanager: 

===============starting===============

2024-05-22 17:08:57,484 INFO runmanager: Engage
2024-05-22 17:08:57,484 INFO runmanager: Parsing globals...
2024-05-22 17:08:57,864 INFO runmanager: Making h5 files
2024-05-22 17:08:57,884 DEBUG runmanager: <generator object make_run_files at 0x0000022E1FEFE8F0>
2024-05-22 17:08:57,884 INFO runmanager: end engage
2024-05-22 17:08:59,296 INFO runmanager: runviewer not running, attempting to start...
2024-05-22 17:10:29,650 INFO runmanager: Engage
2024-05-22 17:10:29,650 INFO runmanager: Parsing globals...
2024-05-22 17:10:29,650 INFO runmanager: Making h5 files
2024-05-22 17:10:29,660 DEBUG runmanager: <generator object make_run_files at 0x0000022E1FEFEB90>
2024-05-22 17:10:29,660 INFO runmanager: end engage
2024-05-22 17:10:31,116 INFO runmanager: Engage
2024-05-22 17:10:31,116 INFO runmanager: Parsing globals...
2024-05-22 17:10:31,116 INFO runmanager: Making h5 files
2024-05-22 17:10:31,136 DEBUG runmanager: <generator object make_run_files at 0x0000022E1FEFECE0>
2024-05-22 17:10:31,136 INFO runmanager: end engage
2024-05-22 17:10:31,977 INFO runmanager: Engage
2024-05-22 17:10:31,977 INFO runmanager: Parsing globals...
2024-05-22 17:10:31,977 INFO runmanager: Making h5 files
2024-05-22 17:10:31,987 DEBUG runmanager: <generator object make_run_files at 0x0000022E1FEFE8F0>
2024-05-22 17:10:31,987 INFO runmanager: end engage
